2013-07-22 12:12:05,608 - Left side ($pivots.size()) of '>' operation has null value at VM_global_library.vm[line 130, column 23]
2013-07-22 12:12:05,614 - Parser Exception: meta.vm
org.apache.velocity.runtime.parser.ParseException: Encountered "D" at line 3, column 65.
Was expecting one of:
    "[" ...
    "{" ...
    "(" ...
    <STRING_LITERAL> ...
    "true" ...
    "false" ...
    <INTEGER_LITERAL> ...
    <FLOATING_POINT_LITERAL> ...
    <IDENTIFIER> ...
    "{" ...
    "[" ...
    
	at org.apache.velocity.runtime.parser.Parser.generateParseException(Parser.java:3679)
	at org.apache.velocity.runtime.parser.Parser.jj_consume_token(Parser.java:3558)
	at org.apache.velocity.runtime.parser.Parser.PrimaryExpression(Parser.java:2644)
	at org.apache.velocity.runtime.parser.Parser.UnaryExpression(Parser.java:2586)
	at org.apache.velocity.runtime.parser.Parser.MultiplicativeExpression(Parser.java:2435)
	at org.apache.velocity.runtime.parser.Parser.AdditiveExpression(Parser.java:2405)
	at org.apache.velocity.runtime.parser.Parser.RelationalExpression(Parser.java:2227)
	at org.apache.velocity.runtime.parser.Parser.EqualityExpression(Parser.java:2151)
	at org.apache.velocity.runtime.parser.Parser.ConditionalAndExpression(Parser.java:2111)
	at org.apache.velocity.runtime.parser.Parser.ConditionalOrExpression(Parser.java:2071)
	at org.apache.velocity.runtime.parser.Parser.Expression(Parser.java:2018)
	at org.apache.velocity.runtime.parser.Parser.SetDirective(Parser.java:1971)
	at org.apache.velocity.runtime.parser.Parser.Statement(Parser.java:369)
	at org.apache.velocity.runtime.parser.Parser.IfStatement(Parser.java:1692)
	at org.apache.velocity.runtime.parser.Parser.Statement(Parser.java:352)
	at org.apache.velocity.runtime.parser.Parser.IfStatement(Parser.java:1692)
	at org.apache.velocity.runtime.parser.Parser.Statement(Parser.java:352)
	at org.apache.velocity.runtime.parser.Parser.process(Parser.java:317)
	at org.apache.velocity.runtime.parser.Parser.parse(Parser.java:117)
	at org.apache.velocity.runtime.RuntimeInstance.parse(RuntimeInstance.java:1226)
	at org.apache.velocity.runtime.RuntimeInstance.parse(RuntimeInstance.java:1181)
	at org.apache.velocity.Template.process(Template.java:134)
	at org.apache.velocity.runtime.resource.ResourceManagerImpl.loadResource(ResourceManagerImpl.java:437)
	at org.apache.velocity.runtime.resource.ResourceManagerImpl.getResource(ResourceManagerImpl.java:352)
	at org.apache.velocity.runtime.RuntimeInstance.getTemplate(RuntimeInstance.java:1533)
	at org.apache.velocity.runtime.directive.Parse.render(Parse.java:197)
	at org.apache.velocity.runtime.parser.node.ASTDirective.render(ASTDirective.java:207)
	at org.apache.velocity.runtime.parser.node.SimpleNode.render(SimpleNode.java:342)
	at org.apache.velocity.Template.merge(Template.java:356)
	at org.apache.velocity.Template.merge(Template.java:260)
	at org.apache.solr.response.VelocityResponseWriter.write(VelocityResponseWriter.java:98)
	at org.apache.solr.core.SolrCore$LazyQueryResponseWriterWrapper.write(SolrCore.java:2274)
	at org.apache.solr.servlet.SolrDispatchFilter.writeResponse(SolrDispatchFilter.java:644)
	at org.apache.solr.servlet.SolrDispatchFilter.sendError(SolrDispatchFilter.java:687)
	at org.apache.solr.servlet.SolrDispatchFilter.doFilter(SolrDispatchFilter.java:380)
	at org.apache.solr.servlet.SolrDispatchFilter.doFilter(SolrDispatchFilter.java:155)
	at org.eclipse.jetty.servlet.ServletHandler$CachedChain.doFilter(ServletHandler.java:1307)
	at org.eclipse.jetty.servlet.ServletHandler.doHandle(ServletHandler.java:453)
	at org.eclipse.jetty.server.handler.ScopedHandler.handle(ScopedHandler.java:137)
	at org.eclipse.jetty.security.SecurityHandler.handle(SecurityHandler.java:560)
	at org.eclipse.jetty.server.session.SessionHandler.doHandle(SessionHandler.java:231)
	at org.eclipse.jetty.server.handler.ContextHandler.doHandle(ContextHandler.java:1072)
	at org.eclipse.jetty.servlet.ServletHandler.doScope(ServletHandler.java:382)
	at org.eclipse.jetty.server.session.SessionHandler.doScope(SessionHandler.java:193)
	at org.eclipse.jetty.server.handler.ContextHandler.doScope(ContextHandler.java:1006)
	at org.eclipse.jetty.server.handler.ScopedHandler.handle(ScopedHandler.java:135)
	at org.eclipse.jetty.server.handler.ContextHandlerCollection.handle(ContextHandlerCollection.java:255)
	at org.eclipse.jetty.server.handler.HandlerCollection.handle(HandlerCollection.java:154)
	at org.eclipse.jetty.server.handler.HandlerWrapper.handle(HandlerWrapper.java:116)
	at org.eclipse.jetty.server.Server.handle(Server.java:365)
	at org.eclipse.jetty.server.AbstractHttpConnection.handleRequest(AbstractHttpConnection.java:485)
	at org.eclipse.jetty.server.BlockingHttpConnection.handleRequest(BlockingHttpConnection.java:53)
	at org.eclipse.jetty.server.AbstractHttpConnection.headerComplete(AbstractHttpConnection.java:926)
	at org.eclipse.jetty.server.AbstractHttpConnection$RequestHandler.headerComplete(AbstractHttpConnection.java:988)
	at org.eclipse.jetty.http.HttpParser.parseNext(HttpParser.java:635)
	at org.eclipse.jetty.http.HttpParser.parseAvailable(HttpParser.java:235)
	at org.eclipse.jetty.server.BlockingHttpConnection.handle(BlockingHttpConnection.java:72)
	at org.eclipse.jetty.server.bio.SocketConnector$ConnectorEndPoint.run(SocketConnector.java:264)
	at org.eclipse.jetty.util.thread.QueuedThreadPool.runJob(QueuedThreadPool.java:608)
	at org.eclipse.jetty.util.thread.QueuedThreadPool$3.run(QueuedThreadPool.java:543)
	at java.lang.Thread.run(Thread.java:722)
2013-07-22 12:12:05,615 - ResourceManager.getResource() parse exception
org.apache.velocity.exception.ParseErrorException: Encountered "D" at meta.vm[line 3, column 65]
Was expecting one of:
    "[" ...
    "{" ...
    "(" ...
    <STRING_LITERAL> ...
    "true" ...
    "false" ...
    <INTEGER_LITERAL> ...
    <FLOATING_POINT_LITERAL> ...
    <IDENTIFIER> ...
    "{" ...
    "[" ...
    
	at org.apache.velocity.Template.process(Template.java:151)
	at org.apache.velocity.runtime.resource.ResourceManagerImpl.loadResource(ResourceManagerImpl.java:437)
	at org.apache.velocity.runtime.resource.ResourceManagerImpl.getResource(ResourceManagerImpl.java:352)
	at org.apache.velocity.runtime.RuntimeInstance.getTemplate(RuntimeInstance.java:1533)
	at org.apache.velocity.runtime.directive.Parse.render(Parse.java:197)
	at org.apache.velocity.runtime.parser.node.ASTDirective.render(ASTDirective.java:207)
	at org.apache.velocity.runtime.parser.node.SimpleNode.render(SimpleNode.java:342)
	at org.apache.velocity.Template.merge(Template.java:356)
	at org.apache.velocity.Template.merge(Template.java:260)
	at org.apache.solr.response.VelocityResponseWriter.write(VelocityResponseWriter.java:98)
	at org.apache.solr.core.SolrCore$LazyQueryResponseWriterWrapper.write(SolrCore.java:2274)
	at org.apache.solr.servlet.SolrDispatchFilter.writeResponse(SolrDispatchFilter.java:644)
	at org.apache.solr.servlet.SolrDispatchFilter.sendError(SolrDispatchFilter.java:687)
	at org.apache.solr.servlet.SolrDispatchFilter.doFilter(SolrDispatchFilter.java:380)
	at org.apache.solr.servlet.SolrDispatchFilter.doFilter(SolrDispatchFilter.java:155)
	at org.eclipse.jetty.servlet.ServletHandler$CachedChain.doFilter(ServletHandler.java:1307)
	at org.eclipse.jetty.servlet.ServletHandler.doHandle(ServletHandler.java:453)
	at org.eclipse.jetty.server.handler.ScopedHandler.handle(ScopedHandler.java:137)
	at org.eclipse.jetty.security.SecurityHandler.handle(SecurityHandler.java:560)
	at org.eclipse.jetty.server.session.SessionHandler.doHandle(SessionHandler.java:231)
	at org.eclipse.jetty.server.handler.ContextHandler.doHandle(ContextHandler.java:1072)
	at org.eclipse.jetty.servlet.ServletHandler.doScope(ServletHandler.java:382)
	at org.eclipse.jetty.server.session.SessionHandler.doScope(SessionHandler.java:193)
	at org.eclipse.jetty.server.handler.ContextHandler.doScope(ContextHandler.java:1006)
	at org.eclipse.jetty.server.handler.ScopedHandler.handle(ScopedHandler.java:135)
	at org.eclipse.jetty.server.handler.ContextHandlerCollection.handle(ContextHandlerCollection.java:255)
	at org.eclipse.jetty.server.handler.HandlerCollection.handle(HandlerCollection.java:154)
	at org.eclipse.jetty.server.handler.HandlerWrapper.handle(HandlerWrapper.java:116)
	at org.eclipse.jetty.server.Server.handle(Server.java:365)
	at org.eclipse.jetty.server.AbstractHttpConnection.handleRequest(AbstractHttpConnection.java:485)
	at org.eclipse.jetty.server.BlockingHttpConnection.handleRequest(BlockingHttpConnection.java:53)
	at org.eclipse.jetty.server.AbstractHttpConnection.headerComplete(AbstractHttpConnection.java:926)
	at org.eclipse.jetty.server.AbstractHttpConnection$RequestHandler.headerComplete(AbstractHttpConnection.java:988)
	at org.eclipse.jetty.http.HttpParser.parseNext(HttpParser.java:635)
	at org.eclipse.jetty.http.HttpParser.parseAvailable(HttpParser.java:235)
	at org.eclipse.jetty.server.BlockingHttpConnection.handle(BlockingHttpConnection.java:72)
	at org.eclipse.jetty.server.bio.SocketConnector$ConnectorEndPoint.run(SocketConnector.java:264)
	at org.eclipse.jetty.util.thread.QueuedThreadPool.runJob(QueuedThreadPool.java:608)
	at org.eclipse.jetty.util.thread.QueuedThreadPool$3.run(QueuedThreadPool.java:543)
	at java.lang.Thread.run(Thread.java:722)
2013-07-22 12:12:05,616 - #parse(): syntax error in #parse()-ed template 'meta.vm', called at layout.vm[line 7, column 4]
2013-07-22 12:12:31,101 - Left side ($pivots.size()) of '>' operation has null value at VM_global_library.vm[line 130, column 23]
2013-07-22 12:12:31,215 - Parser Exception: meta.vm
org.apache.velocity.runtime.parser.ParseException: Encountered "=" at line 4, column 30.
Was expecting:
    <RPAREN> ...
    
	at org.apache.velocity.runtime.parser.Parser.generateParseException(Parser.java:3679)
	at org.apache.velocity.runtime.parser.Parser.jj_consume_token(Parser.java:3558)
	at org.apache.velocity.runtime.parser.Parser.Directive(Parser.java:862)
	at org.apache.velocity.runtime.parser.Parser.Statement(Parser.java:379)
	at org.apache.velocity.runtime.parser.Parser.IfStatement(Parser.java:1692)
	at org.apache.velocity.runtime.parser.Parser.Statement(Parser.java:352)
	at org.apache.velocity.runtime.parser.Parser.IfStatement(Parser.java:1692)
	at org.apache.velocity.runtime.parser.Parser.Statement(Parser.java:352)
	at org.apache.velocity.runtime.parser.Parser.process(Parser.java:317)
	at org.apache.velocity.runtime.parser.Parser.parse(Parser.java:117)
	at org.apache.velocity.runtime.RuntimeInstance.parse(RuntimeInstance.java:1226)
	at org.apache.velocity.runtime.RuntimeInstance.parse(RuntimeInstance.java:1181)
	at org.apache.velocity.Template.process(Template.java:134)
	at org.apache.velocity.runtime.resource.ResourceManagerImpl.loadResource(ResourceManagerImpl.java:437)
	at org.apache.velocity.runtime.resource.ResourceManagerImpl.getResource(ResourceManagerImpl.java:352)
	at org.apache.velocity.runtime.RuntimeInstance.getTemplate(RuntimeInstance.java:1533)
	at org.apache.velocity.runtime.directive.Parse.render(Parse.java:197)
	at org.apache.velocity.runtime.parser.node.ASTDirective.render(ASTDirective.java:207)
	at org.apache.velocity.runtime.parser.node.SimpleNode.render(SimpleNode.java:342)
	at org.apache.velocity.Template.merge(Template.java:356)
	at org.apache.velocity.Template.merge(Template.java:260)
	at org.apache.solr.response.VelocityResponseWriter.write(VelocityResponseWriter.java:98)
	at org.apache.solr.core.SolrCore$LazyQueryResponseWriterWrapper.write(SolrCore.java:2274)
	at org.apache.solr.servlet.SolrDispatchFilter.writeResponse(SolrDispatchFilter.java:644)
	at org.apache.solr.servlet.SolrDispatchFilter.doFilter(SolrDispatchFilter.java:372)
	at org.apache.solr.servlet.SolrDispatchFilter.doFilter(SolrDispatchFilter.java:155)
	at org.eclipse.jetty.servlet.ServletHandler$CachedChain.doFilter(ServletHandler.java:1307)
	at org.eclipse.jetty.servlet.ServletHandler.doHandle(ServletHandler.java:453)
	at org.eclipse.jetty.server.handler.ScopedHandler.handle(ScopedHandler.java:137)
	at org.eclipse.jetty.security.SecurityHandler.handle(SecurityHandler.java:560)
	at org.eclipse.jetty.server.session.SessionHandler.doHandle(SessionHandler.java:231)
	at org.eclipse.jetty.server.handler.ContextHandler.doHandle(ContextHandler.java:1072)
	at org.eclipse.jetty.servlet.ServletHandler.doScope(ServletHandler.java:382)
	at org.eclipse.jetty.server.session.SessionHandler.doScope(SessionHandler.java:193)
	at org.eclipse.jetty.server.handler.ContextHandler.doScope(ContextHandler.java:1006)
	at org.eclipse.jetty.server.handler.ScopedHandler.handle(ScopedHandler.java:135)
	at org.eclipse.jetty.server.handler.ContextHandlerCollection.handle(ContextHandlerCollection.java:255)
	at org.eclipse.jetty.server.handler.HandlerCollection.handle(HandlerCollection.java:154)
	at org.eclipse.jetty.server.handler.HandlerWrapper.handle(HandlerWrapper.java:116)
	at org.eclipse.jetty.server.Server.handle(Server.java:365)
	at org.eclipse.jetty.server.AbstractHttpConnection.handleRequest(AbstractHttpConnection.java:485)
	at org.eclipse.jetty.server.BlockingHttpConnection.handleRequest(BlockingHttpConnection.java:53)
	at org.eclipse.jetty.server.AbstractHttpConnection.headerComplete(AbstractHttpConnection.java:926)
	at org.eclipse.jetty.server.AbstractHttpConnection$RequestHandler.headerComplete(AbstractHttpConnection.java:988)
	at org.eclipse.jetty.http.HttpParser.parseNext(HttpParser.java:635)
	at org.eclipse.jetty.http.HttpParser.parseAvailable(HttpParser.java:235)
	at org.eclipse.jetty.server.BlockingHttpConnection.handle(BlockingHttpConnection.java:72)
	at org.eclipse.jetty.server.bio.SocketConnector$ConnectorEndPoint.run(SocketConnector.java:264)
	at org.eclipse.jetty.util.thread.QueuedThreadPool.runJob(QueuedThreadPool.java:608)
	at org.eclipse.jetty.util.thread.QueuedThreadPool$3.run(QueuedThreadPool.java:543)
	at java.lang.Thread.run(Thread.java:722)
2013-07-22 12:12:31,216 - ResourceManager.getResource() parse exception
org.apache.velocity.exception.ParseErrorException: Encountered "=" at meta.vm[line 4, column 30]
Was expecting:
    <RPAREN> ...
    
	at org.apache.velocity.Template.process(Template.java:151)
	at org.apache.velocity.runtime.resource.ResourceManagerImpl.loadResource(ResourceManagerImpl.java:437)
	at org.apache.velocity.runtime.resource.ResourceManagerImpl.getResource(ResourceManagerImpl.java:352)
	at org.apache.velocity.runtime.RuntimeInstance.getTemplate(RuntimeInstance.java:1533)
	at org.apache.velocity.runtime.directive.Parse.render(Parse.java:197)
	at org.apache.velocity.runtime.parser.node.ASTDirective.render(ASTDirective.java:207)
	at org.apache.velocity.runtime.parser.node.SimpleNode.render(SimpleNode.java:342)
	at org.apache.velocity.Template.merge(Template.java:356)
	at org.apache.velocity.Template.merge(Template.java:260)
	at org.apache.solr.response.VelocityResponseWriter.write(VelocityResponseWriter.java:98)
	at org.apache.solr.core.SolrCore$LazyQueryResponseWriterWrapper.write(SolrCore.java:2274)
	at org.apache.solr.servlet.SolrDispatchFilter.writeResponse(SolrDispatchFilter.java:644)
	at org.apache.solr.servlet.SolrDispatchFilter.doFilter(SolrDispatchFilter.java:372)
	at org.apache.solr.servlet.SolrDispatchFilter.doFilter(SolrDispatchFilter.java:155)
	at org.eclipse.jetty.servlet.ServletHandler$CachedChain.doFilter(ServletHandler.java:1307)
	at org.eclipse.jetty.servlet.ServletHandler.doHandle(ServletHandler.java:453)
	at org.eclipse.jetty.server.handler.ScopedHandler.handle(ScopedHandler.java:137)
	at org.eclipse.jetty.security.SecurityHandler.handle(SecurityHandler.java:560)
	at org.eclipse.jetty.server.session.SessionHandler.doHandle(SessionHandler.java:231)
	at org.eclipse.jetty.server.handler.ContextHandler.doHandle(ContextHandler.java:1072)
	at org.eclipse.jetty.servlet.ServletHandler.doScope(ServletHandler.java:382)
	at org.eclipse.jetty.server.session.SessionHandler.doScope(SessionHandler.java:193)
	at org.eclipse.jetty.server.handler.ContextHandler.doScope(ContextHandler.java:1006)
	at org.eclipse.jetty.server.handler.ScopedHandler.handle(ScopedHandler.java:135)
	at org.eclipse.jetty.server.handler.ContextHandlerCollection.handle(ContextHandlerCollection.java:255)
	at org.eclipse.jetty.server.handler.HandlerCollection.handle(HandlerCollection.java:154)
	at org.eclipse.jetty.server.handler.HandlerWrapper.handle(HandlerWrapper.java:116)
	at org.eclipse.jetty.server.Server.handle(Server.java:365)
	at org.eclipse.jetty.server.AbstractHttpConnection.handleRequest(AbstractHttpConnection.java:485)
	at org.eclipse.jetty.server.BlockingHttpConnection.handleRequest(BlockingHttpConnection.java:53)
	at org.eclipse.jetty.server.AbstractHttpConnection.headerComplete(AbstractHttpConnection.java:926)
	at org.eclipse.jetty.server.AbstractHttpConnection$RequestHandler.headerComplete(AbstractHttpConnection.java:988)
	at org.eclipse.jetty.http.HttpParser.parseNext(HttpParser.java:635)
	at org.eclipse.jetty.http.HttpParser.parseAvailable(HttpParser.java:235)
	at org.eclipse.jetty.server.BlockingHttpConnection.handle(BlockingHttpConnection.java:72)
	at org.eclipse.jetty.server.bio.SocketConnector$ConnectorEndPoint.run(SocketConnector.java:264)
	at org.eclipse.jetty.util.thread.QueuedThreadPool.runJob(QueuedThreadPool.java:608)
	at org.eclipse.jetty.util.thread.QueuedThreadPool$3.run(QueuedThreadPool.java:543)
	at java.lang.Thread.run(Thread.java:722)
2013-07-22 12:12:31,217 - #parse(): syntax error in #parse()-ed template 'meta.vm', called at layout.vm[line 7, column 4]
2013-07-22 12:12:31,233 - Left side ($field.size()) of '>' operation has null value at VM_global_library.vm[line 88, column 22]
2013-07-22 12:12:31,234 - Left side ($pivots.size()) of '>' operation has null value at VM_global_library.vm[line 130, column 23]
2013-07-22 12:12:31,238 - Parser Exception: meta.vm
org.apache.velocity.runtime.parser.ParseException: Encountered "=" at line 4, column 30.
Was expecting:
    <RPAREN> ...
    
	at org.apache.velocity.runtime.parser.Parser.generateParseException(Parser.java:3679)
	at org.apache.velocity.runtime.parser.Parser.jj_consume_token(Parser.java:3558)
	at org.apache.velocity.runtime.parser.Parser.Directive(Parser.java:862)
	at org.apache.velocity.runtime.parser.Parser.Statement(Parser.java:379)
	at org.apache.velocity.runtime.parser.Parser.IfStatement(Parser.java:1692)
	at org.apache.velocity.runtime.parser.Parser.Statement(Parser.java:352)
	at org.apache.velocity.runtime.parser.Parser.IfStatement(Parser.java:1692)
	at org.apache.velocity.runtime.parser.Parser.Statement(Parser.java:352)
	at org.apache.velocity.runtime.parser.Parser.process(Parser.java:317)
	at org.apache.velocity.runtime.parser.Parser.parse(Parser.java:117)
	at org.apache.velocity.runtime.RuntimeInstance.parse(RuntimeInstance.java:1226)
	at org.apache.velocity.runtime.RuntimeInstance.parse(RuntimeInstance.java:1181)
	at org.apache.velocity.Template.process(Template.java:134)
	at org.apache.velocity.runtime.resource.ResourceManagerImpl.loadResource(ResourceManagerImpl.java:437)
	at org.apache.velocity.runtime.resource.ResourceManagerImpl.getResource(ResourceManagerImpl.java:352)
	at org.apache.velocity.runtime.RuntimeInstance.getTemplate(RuntimeInstance.java:1533)
	at org.apache.velocity.runtime.directive.Parse.render(Parse.java:197)
	at org.apache.velocity.runtime.parser.node.ASTDirective.render(ASTDirective.java:207)
	at org.apache.velocity.runtime.parser.node.SimpleNode.render(SimpleNode.java:342)
	at org.apache.velocity.Template.merge(Template.java:356)
	at org.apache.velocity.Template.merge(Template.java:260)
	at org.apache.solr.response.VelocityResponseWriter.write(VelocityResponseWriter.java:98)
	at org.apache.solr.core.SolrCore$LazyQueryResponseWriterWrapper.write(SolrCore.java:2274)
	at org.apache.solr.servlet.SolrDispatchFilter.writeResponse(SolrDispatchFilter.java:644)
	at org.apache.solr.servlet.SolrDispatchFilter.sendError(SolrDispatchFilter.java:687)
	at org.apache.solr.servlet.SolrDispatchFilter.doFilter(SolrDispatchFilter.java:380)
	at org.apache.solr.servlet.SolrDispatchFilter.doFilter(SolrDispatchFilter.java:155)
	at org.eclipse.jetty.servlet.ServletHandler$CachedChain.doFilter(ServletHandler.java:1307)
	at org.eclipse.jetty.servlet.ServletHandler.doHandle(ServletHandler.java:453)
	at org.eclipse.jetty.server.handler.ScopedHandler.handle(ScopedHandler.java:137)
	at org.eclipse.jetty.security.SecurityHandler.handle(SecurityHandler.java:560)
	at org.eclipse.jetty.server.session.SessionHandler.doHandle(SessionHandler.java:231)
	at org.eclipse.jetty.server.handler.ContextHandler.doHandle(ContextHandler.java:1072)
	at org.eclipse.jetty.servlet.ServletHandler.doScope(ServletHandler.java:382)
	at org.eclipse.jetty.server.session.SessionHandler.doScope(SessionHandler.java:193)
	at org.eclipse.jetty.server.handler.ContextHandler.doScope(ContextHandler.java:1006)
	at org.eclipse.jetty.server.handler.ScopedHandler.handle(ScopedHandler.java:135)
	at org.eclipse.jetty.server.handler.ContextHandlerCollection.handle(ContextHandlerCollection.java:255)
	at org.eclipse.jetty.server.handler.HandlerCollection.handle(HandlerCollection.java:154)
	at org.eclipse.jetty.server.handler.HandlerWrapper.handle(HandlerWrapper.java:116)
	at org.eclipse.jetty.server.Server.handle(Server.java:365)
	at org.eclipse.jetty.server.AbstractHttpConnection.handleRequest(AbstractHttpConnection.java:485)
	at org.eclipse.jetty.server.BlockingHttpConnection.handleRequest(BlockingHttpConnection.java:53)
	at org.eclipse.jetty.server.AbstractHttpConnection.headerComplete(AbstractHttpConnection.java:926)
	at org.eclipse.jetty.server.AbstractHttpConnection$RequestHandler.headerComplete(AbstractHttpConnection.java:988)
	at org.eclipse.jetty.http.HttpParser.parseNext(HttpParser.java:635)
	at org.eclipse.jetty.http.HttpParser.parseAvailable(HttpParser.java:235)
	at org.eclipse.jetty.server.BlockingHttpConnection.handle(BlockingHttpConnection.java:72)
	at org.eclipse.jetty.server.bio.SocketConnector$ConnectorEndPoint.run(SocketConnector.java:264)
	at org.eclipse.jetty.util.thread.QueuedThreadPool.runJob(QueuedThreadPool.java:608)
	at org.eclipse.jetty.util.thread.QueuedThreadPool$3.run(QueuedThreadPool.java:543)
	at java.lang.Thread.run(Thread.java:722)
2013-07-22 12:12:31,239 - ResourceManager.getResource() parse exception
org.apache.velocity.exception.ParseErrorException: Encountered "=" at meta.vm[line 4, column 30]
Was expecting:
    <RPAREN> ...
    
	at org.apache.velocity.Template.process(Template.java:151)
	at org.apache.velocity.runtime.resource.ResourceManagerImpl.loadResource(ResourceManagerImpl.java:437)
	at org.apache.velocity.runtime.resource.ResourceManagerImpl.getResource(ResourceManagerImpl.java:352)
	at org.apache.velocity.runtime.RuntimeInstance.getTemplate(RuntimeInstance.java:1533)
	at org.apache.velocity.runtime.directive.Parse.render(Parse.java:197)
	at org.apache.velocity.runtime.parser.node.ASTDirective.render(ASTDirective.java:207)
	at org.apache.velocity.runtime.parser.node.SimpleNode.render(SimpleNode.java:342)
	at org.apache.velocity.Template.merge(Template.java:356)
	at org.apache.velocity.Template.merge(Template.java:260)
	at org.apache.solr.response.VelocityResponseWriter.write(VelocityResponseWriter.java:98)
	at org.apache.solr.core.SolrCore$LazyQueryResponseWriterWrapper.write(SolrCore.java:2274)
	at org.apache.solr.servlet.SolrDispatchFilter.writeResponse(SolrDispatchFilter.java:644)
	at org.apache.solr.servlet.SolrDispatchFilter.sendError(SolrDispatchFilter.java:687)
	at org.apache.solr.servlet.SolrDispatchFilter.doFilter(SolrDispatchFilter.java:380)
	at org.apache.solr.servlet.SolrDispatchFilter.doFilter(SolrDispatchFilter.java:155)
	at org.eclipse.jetty.servlet.ServletHandler$CachedChain.doFilter(ServletHandler.java:1307)
	at org.eclipse.jetty.servlet.ServletHandler.doHandle(ServletHandler.java:453)
	at org.eclipse.jetty.server.handler.ScopedHandler.handle(ScopedHandler.java:137)
	at org.eclipse.jetty.security.SecurityHandler.handle(SecurityHandler.java:560)
	at org.eclipse.jetty.server.session.SessionHandler.doHandle(SessionHandler.java:231)
	at org.eclipse.jetty.server.handler.ContextHandler.doHandle(ContextHandler.java:1072)
	at org.eclipse.jetty.servlet.ServletHandler.doScope(ServletHandler.java:382)
	at org.eclipse.jetty.server.session.SessionHandler.doScope(SessionHandler.java:193)
	at org.eclipse.jetty.server.handler.ContextHandler.doScope(ContextHandler.java:1006)
	at org.eclipse.jetty.server.handler.ScopedHandler.handle(ScopedHandler.java:135)
	at org.eclipse.jetty.server.handler.ContextHandlerCollection.handle(ContextHandlerCollection.java:255)
	at org.eclipse.jetty.server.handler.HandlerCollection.handle(HandlerCollection.java:154)
	at org.eclipse.jetty.server.handler.HandlerWrapper.handle(HandlerWrapper.java:116)
	at org.eclipse.jetty.server.Server.handle(Server.java:365)
	at org.eclipse.jetty.server.AbstractHttpConnection.handleRequest(AbstractHttpConnection.java:485)
	at org.eclipse.jetty.server.BlockingHttpConnection.handleRequest(BlockingHttpConnection.java:53)
	at org.eclipse.jetty.server.AbstractHttpConnection.headerComplete(AbstractHttpConnection.java:926)
	at org.eclipse.jetty.server.AbstractHttpConnection$RequestHandler.headerComplete(AbstractHttpConnection.java:988)
	at org.eclipse.jetty.http.HttpParser.parseNext(HttpParser.java:635)
	at org.eclipse.jetty.http.HttpParser.parseAvailable(HttpParser.java:235)
	at org.eclipse.jetty.server.BlockingHttpConnection.handle(BlockingHttpConnection.java:72)
	at org.eclipse.jetty.server.bio.SocketConnector$ConnectorEndPoint.run(SocketConnector.java:264)
	at org.eclipse.jetty.util.thread.QueuedThreadPool.runJob(QueuedThreadPool.java:608)
	at org.eclipse.jetty.util.thread.QueuedThreadPool$3.run(QueuedThreadPool.java:543)
	at java.lang.Thread.run(Thread.java:722)
2013-07-22 12:12:31,240 - #parse(): syntax error in #parse()-ed template 'meta.vm', called at layout.vm[line 7, column 4]
2013-07-22 12:12:40,601 - Left side ($pivots.size()) of '>' operation has null value at VM_global_library.vm[line 130, column 23]
2013-07-22 12:18:45,241 - Left side ($pivots.size()) of '>' operation has null value at VM_global_library.vm[line 130, column 23]
nnection.java:926)
	at org.eclipse.jetty.server.AbstractHttpConnection$RequestHandler.headerComplete(AbstractHttpConnection.java:988)
	at org.eclipse.jetty.http.HttpParser.parseNext(HttpParser.java:635)
	at org.eclipse.jetty.http.HttpParser.parseAvailable(HttpParser.java:235)
	at org.eclipse.jetty.server.BlockingHttpConnection.handle(BlockingHttpConnection.java:72)
	at org.eclipse.jetty.server.bio.SocketConnector$ConnectorEndPoint.run(SocketConnector.java:264)
	at org.eclipse.jetty.util.thread.QueuedThreadPool.runJob(QueuedThreadPool.java:608)
	at org.eclipse.jetty.util.thread.QueuedThreadPool$3.run(QueuedThreadPool.java:543)
	at java.lang.Thread.run(Thread.java:722)
2013-07-22 12:12:31,238 - Parser Exception: meta.vm
org.apache.velocity.runtime.parser.ParseException: Encountered "=" at line 4, column 30.
Was expecting:
    <RPAREN> ...
    
	at org.apache.velocity.runtime.parser.Parser.generateParseException(Parser.java:3679)
	at org.apache.velocity.runtime.parser.Parser.jj_consume_token(Parser.java:3558)
	at org.apache.velocity.runtime.parser.Parser.Directive(Parser.java:862)
	at org.apache.velocity.runtime.parser.Parser.Statement(Parser.java:379)
	at org.apache.velocity.runtime.parser.Parser.IfStatement(Parser.java:1692)
	at org.apache.velocity.runtime.parser.Parser.Statement(Parser.java:352)
	at org.apache.velocity.runtime.parser.Parser.IfStatement(Parser.java:1692)
	at org.apache.velocity.runtime.parser.Parser.Statement(Parser.java:352)
	at org.apache.velocity.runtime.parser.Parser.process(Parser.java:317)
	at org.apache.velocity.runtime.parser.Parser.parse(Parser.java:117)
	at org.apache.velocity.runtime.RuntimeInstance.parse(RuntimeInstance.java:1226)
	at org.apache.velocity.runtime.RuntimeInstance.parse(RuntimeInstance.java:1181)
	at org.apache.velocity.Template.process(Template.java:134)
	at org.apache.velocity.runtime.resource.ResourceManagerImpl.loadResource(ResourceManagerImpl.java:437)
	at org.apache.velocity.runtime.resource.ResourceManagerImpl.getResource(ResourceManagerImpl.java:352)
	at org.apache.velocity.runtime.RuntimeInstance.getTemplate(RuntimeInstance.java:1533)
	at org.apache.velocity.runtime.directive.Parse.render(Parse.java:197)
	at org.apache.velocity.runtime.parser.node.ASTDirective.render(ASTDirective.java:207)
	at org.apache.velocity.runtime.parser.node.SimpleNode.render(SimpleNode.java:342)
	at org.apache.velocity.Template.merge(Template.java:356)
	at org.apache.velocity.Template.merge(Template.java:260)
	at org.apache.solr.response.VelocityResponseWriter.write(VelocityResponseWriter.java:98)
	at org.apache.solr.core.SolrCore$LazyQueryResponseWriterWrapper.write(SolrCore.java:2274)
	at org.apache.solr.servlet.SolrDispatchFilter.writeResponse(SolrDispatchFilter.java:644)
	at org.apache.solr.servlet.SolrDispatchFilter.sendError(SolrDispatchFilter.java:687)
	at org.apache.solr.servlet.SolrDispatchFilter.doFilter(SolrDispatchFilter.java:380)
	at org.apache.solr.servlet.SolrDispatchFilter.doFilter(SolrDispatchFilter.java:155)
	at org.eclipse.jetty.servlet.ServletHandler$CachedChain.doFilter(ServletHandler.java:1307)
	at org.eclipse.jetty.servlet.ServletHandler.doHandle(ServletHandler.java:453)
	at org.eclipse.jetty.server.handler.ScopedHandler.handle(ScopedHandler.java:137)
	at org.eclipse.jetty.security.SecurityHandler.handle(SecurityHandler.java:560)
	at org.eclipse.jetty.server.session.SessionHandler.doHandle(SessionHandler.java:231)
	at org.eclipse.jetty.server.handler.ContextHandler.doHandle(ContextHandler.java:1072)
	at org.eclipse.jetty.servlet.ServletHandler.doScope(ServletHandler.java:382)
	at org.eclipse.jetty.server.session.SessionHandler.doScope(SessionHandler.java:193)
	at org.eclipse.jetty.server.handler.ContextHandler.doScope(ContextHandler.java:1006)
	at org.eclipse.jetty.server.handler.ScopedHandler.handle(ScopedHandler.java:135)
	at org.eclipse.jetty.server.handler.ContextHandlerCollection.handle(ContextHandlerCollection.java:255)
	at org.eclipse.jetty.server.handler.HandlerCollection.handle(HandlerCollection.java:154)
	at org.eclipse.jetty.server.handler.HandlerWrapper.handle(HandlerWrapper.java:116)
	at org.eclipse.jetty.server.Server.handle(Server.java:365)
	at org.eclipse.jetty.server.AbstractHttpConnection.handleRequest(AbstractHttpConnection.java:485)
	at org.eclipse.jetty.server.BlockingHttpConnection.handleRequest(BlockingHttpConnection.java:53)
	at org.eclipse.jetty.server.AbstractHttpConnection.headerComplete(AbstractHttpConnection.java:926)
	at org.eclipse.jetty.server.AbstractHttpConnection$RequestHandler.headerComplete(AbstractHttpConnection.java:988)
	at org.eclipse.jetty.http.HttpParser.parseNext(HttpParser.java:635)
	at org.eclipse.jetty.http.HttpParser.parseAvailable(HttpParser.java:235)
	at org.eclipse.jetty.server.BlockingHttpConnection.handle(BlockingHttpConnection.java:72)
	at org.eclipse.jetty.server.bio.SocketConnector$ConnectorEndPoint.run(SocketConnector.java:264)
	at org.eclipse.jetty.util.thread.QueuedThreadPool.runJob(QueuedThreadPool.java:608)
	at org.eclipse.jetty.util.thread.QueuedThreadPool$3.run(QueuedThreadPool.java:543)
	at java.lang.Thread.run(Thread.java:722)
2013-07-22 12:12:31,239 - ResourceManager.getResource() parse exception
org.apache.velocity.exception.ParseErrorException: Encountered "=" at meta.vm[line 4, column 30]
Was expecting:
    <RPAREN> ...
    
	at org.apache.velocity.Template.process(Template.java:151)
	at org.apache.velocity.runtime.resource.ResourceManagerImpl.loadResource(ResourceManagerImpl.java:437)
	at org.apache.velocity.runtime.resource.ResourceManagerImpl.getResource(ResourceManagerImpl.java:352)
	at org.apache.velocity.runtime.RuntimeInstance.getTemplate(RuntimeInstance.java:1533)
	at org.apache.velocity.runtime.directive.Parse.render(Parse.java:197)
	at org.apache.velocity.runtime.parser.node.ASTDirective.render(ASTDirective.java:207)
	at org.apache.velocity.runtime.parser.node.SimpleNode.render(SimpleNode.java:342)
	at org.apache.velocity.Template.merge(Template.java:356)
	at org.apache.velocity.Template.merge(Template.java:260)
	at org.apache.solr.response.VelocityResponseWriter.write(VelocityResponseWriter.java:98)
	at org.apache.solr.core.SolrCore$LazyQueryResponseWriterWrapper.write(SolrCore.java:2274)
	at org.apache.solr.servlet.SolrDispatchFilter.writeResponse(SolrDispatchFilter.java:644)
	at org.apache.solr.servlet.SolrDispatchFilter.sendError(SolrDispatchFilter.java:687)
	at org.apache.solr.servlet.SolrDispatchFilter.doFilter(SolrDispatchFilter.java:380)
	at org.apache.solr.servlet.SolrDispatchFilter.doFilter(SolrDispatchFilter.java:155)
	at org.eclipse.jetty.servlet.ServletHandler$CachedChain.doFilter(ServletHandler.java:1307)
	at org.eclipse.jetty.servlet.ServletHandler.doHandle(ServletHandler.java:453)
	at org.eclipse.jetty.server.handler.ScopedHandler.handle(ScopedHandler.java:137)
	at org.eclipse.jetty.security.SecurityHandler.handle(SecurityHandler.java:560)
	at org.eclipse.jetty.server.session.SessionHandler.doHandle(SessionHandler.java:231)
	at org.eclipse.jetty.server.handler.ContextHandler.doHandle(ContextHandler.java:1072)
	at org.eclipse.jetty.servlet.ServletHandler.doScope(ServletHandler.java:382)
	at org.eclipse.jetty.server.session.SessionHandler.doScope(SessionHandler.java:193)
	at org.eclipse.jetty.server.handler.ContextHandler.doScope(ContextHandler.java:1006)
	at org.eclipse.jetty.server.handler.ScopedHandler.handle(ScopedHandler.java:135)
	at org.eclipse.jetty.server.handler.ContextHandlerCollection.handle(ContextHandlerCollection.java:255)
	at org.eclipse.jetty.server.handler.HandlerCollection.handle(HandlerCollection.java:154)
	at org.eclipse.jetty.server.handler.HandlerWrapper.handle(HandlerWrapper.java:116)
	at org.eclipse.jetty.server.Server.handle(Server.java:365)
	at org.eclipse.jetty.server.AbstractHttpConnection.handleRequest(AbstractHttpConnection.java:485)
	at org.eclipse.jetty.server.BlockingHttpConnection.handleRequest(BlockingHttpConnection.java:53)
	at org.eclipse.jetty.server.AbstractHttpConnection.headerComplete(AbstractHttpConnection.java:926)
	at org.eclipse.jetty.server.AbstractHttpConnection$RequestHandler.headerComplete(AbstractHttpConnection.java:988)
	at org.eclipse.jetty.http.HttpParser.parseNext(HttpParser.java:635)
	at org.eclipse.jetty.http.HttpParser.parseAvailable(HttpParser.java:235)
	at org.eclipse.jetty.server.BlockingHttpConnection.handle(BlockingHttpConnection.java:72)
	at org.eclipse.jetty.server.bio.SocketConnector$ConnectorEndPoint.run(SocketConnector.java:264)
	at org.eclipse.jetty.util.thread.QueuedThreadPool.runJob(QueuedThreadPool.java:608)
	at org.eclipse.jetty.util.thread.QueuedThreadPool$3.run(QueuedThreadPool.java:543)
	at java.lang.Thread.run(Thread.java:722)
2013-07-22 12:12:31,239 - ResourceManager.getResource() parse exception
org.apache.velocity.exception.ParseErrorException: Encountered "=" at meta.vm[line 4, column 30]
Was expecting:
    <RPAREN> ...
    
	at org.apache.velocity.Template.process(Template.java:151)
	at org.apache.velocity.runtime.resource.ResourceManagerImpl.loadResource(ResourceManagerImpl.java:437)
	at org.apache.velocity.runtime.resource.ResourceManagerImpl.getResource(ResourceManagerImpl.java:352)
	at org.apache.velocity.runtime.RuntimeInstance.getTemplate(RuntimeInstance.java:1533)
	at org.apache.velocity.runtime.directive.Parse.render(Parse.java:197)
	at org.apache.velocity.runtime.parser.node.ASTDirective.render(ASTDirective.java:207)
	at org.apache.velocity.runtime.parser.node.SimpleNode.render(SimpleNode.java:342)
	at org.apache.velocity.Template.merge(Template.java:356)
	at org.apache.velocity.Template.merge(Template.java:260)
	at org.apache.solr.response.VelocityResponseWriter.write(VelocityResponseWriter.java:98)
	at org.apache.solr.core.SolrCore$LazyQueryResponseWriterWrapper.write(SolrCore.java:2274)
	at org.apache.solr.servlet.SolrDispatchFilter.writeResponse(SolrDispatchFilter.java:644)
	at org.apache.solr.servlet.SolrDispatchFilter.sendError(SolrDispatchFilter.java:687)
	at org.apache.solr.servlet.SolrDispatchFilter.doFilter(SolrDispatchFilter.java:380)
	at org.apache.solr.servlet.SolrDispatchFilter.doFilter(SolrDispatchFilter.java:155)
	at org.eclipse.jetty.servlet.ServletHandler$CachedChain.doFilter(ServletHandler.java:1307)
	at org.eclipse.jetty.servlet.ServletHandler.doHandle(ServletHandler.java:453)
	at org.eclipse.jetty.server.handler.ScopedHandler.handle(ScopedHandler.java:137)
	at org.eclipse.jetty.security.SecurityHandler.handle(SecurityHandler.java:560)
	at org.eclipse.jetty.server.session.SessionHandler.doHandle(SessionHandler.java:231)
	at org.eclipse.jetty.server.handler.ContextHandler.doHandle(ContextHandler.java:1072)
	at org.eclipse.jetty.servlet.ServletHandler.doScope(ServletHandler.java:382)
	at org.eclipse.jetty.server.session.SessionHandler.doScope(SessionHandler.java:193)
	at org.eclipse.jetty.server.handler.ContextHandler.doScope(ContextHandler.java:1006)
	at org.eclipse.jetty.server.handler.ScopedHandler.handle(ScopedHandler.java:135)
	at org.eclipse.jetty.server.handler.ContextHandlerCollection.handle(ContextHandlerCollection.java:255)
	at org.eclipse.jetty.server.handler.HandlerCollection.handle(HandlerCollection.java:154)
	at org.eclipse.jetty.server.handler.HandlerWrapper.handle(HandlerWrapper.java:116)
	at org.eclipse.jetty.server.Server.handle(Server.java:365)
	at org.eclipse.jetty.server.AbstractHttpConnection.handleRequest(AbstractHttpConnection.java:485)
	at org.eclipse.jetty.server.BlockingHttpConnection.handleRequest(BlockingHttpConnection.java:53)
	at org.eclipse.jetty.server.AbstractHttpConnection.headerComplete(AbstractHttpConnection.java:926)
	at org.eclipse.jetty.server.AbstractHttpConnection$RequestHandler.headerComplete(AbstractHttpConnection.java:988)
	at org.eclipse.jetty.http.HttpParser.parseNext(HttpParser.java:635)
	at org.eclipse.jetty.http.HttpParser.parseAvailable(HttpParser.java:235)
	at org.eclipse.jetty.server.BlockingHttpConnection.handle(BlockingHttpConnection.java:72)
	at org.eclipse.jetty.server.bio.SocketConnector$ConnectorEndPoint.run(SocketConnector.java:264)
	at org.eclipse.jetty.util.thread.QueuedThreadPool.runJob(QueuedThreadPool.java:608)
	at org.eclipse.jetty.util.thread.QueuedThreadPool$3.run(QueuedThreadPool.java:543)
	at java.lang.Thread.run(Thread.java:722)
2013-07-22 12:12:31,240 - #parse(): syntax error in #parse()-ed template 'meta.vm', called at layout.vm[line 7, column 4]
2013-07-22 12:12:31,240 - #parse(): syntax error in #parse()-ed template 'meta.vm', called at layout.vm[line 7, column 4]
2013-07-22 12:12:40,601 - Left side ($pivots.size()) of '>' operation has null value at VM_global_library.vm[line 130, column 23]
2013-07-22 12:12:40,601 - Left side ($pivots.size()) of '>' operation has null value at VM_global_library.vm[line 130, column 23]
2013-07-22 12:12:40,601 - Left side ($pivots.size()) of '>' operation has null value at VM_global_library.vm[line 130, column 23]
2013-07-22 12:18:45,241 - Left side ($pivots.size()) of '>' operation has null value at VM_global_library.vm[line 130, column 23]
2013-07-22 12:18:45,241 - Left side ($pivots.size()) of '>' operation has null value at VM_global_library.vm[line 130, column 23]
2013-07-22 12:18:45,241 - Left side ($pivots.size()) of '>' operation has null value at VM_global_library.vm[line 130, column 23]
2013-07-22 12:18:45,241 - Left side ($pivots.size()) of '>' operation has null value at VM_global_library.vm[line 130, column 23]
2013-07-22 12:19:40,252 - Left side ($pivots.size()) of '>' operation has null value at VM_global_library.vm[line 130, column 23]
2013-07-22 12:19:40,252 - Left side ($pivots.size()) of '>' operation has null value at VM_global_library.vm[line 130, column 23]
2013-07-22 12:19:47,221 - Left side ($pivots.size()) of '>' operation has null value at VM_global_library.vm[line 130, column 23]
2013-07-22 12:19:47,221 - Left side ($pivots.size()) of '>' operation has null value at VM_global_library.vm[line 130, column 23]
2013-07-22 12:19:47,221 - Left side ($pivots.size()) of '>' operation has null value at VM_global_library.vm[line 130, column 23]
2013-07-22 12:20:32,583 - Left side ($pivots.size()) of '>' operation has null value at VM_global_library.vm[line 130, column 23]
2013-07-22 12:20:32,583 - Left side ($pivots.size()) of '>' operation has null value at VM_global_library.vm[line 130, column 23]
2013-07-22 12:20:32,583 - Left side ($pivots.size()) of '>' operation has null value at VM_global_library.vm[line 130, column 23]
2013-07-22 12:20:32,583 - Left side ($pivots.size()) of '>' operation has null value at VM_global_library.vm[line 130, column 23]
2013-07-22 12:20:34,121 - Left side ($pivots.size()) of '>' operation has null value at VM_global_library.vm[line 130, column 23]
2013-07-22 12:20:34,121 - Left side ($pivots.size()) of '>' operation has null value at VM_global_library.vm[line 130, column 23]
2013-07-22 12:20:34,121 - Left side ($pivots.size()) of '>' operation has null value at VM_global_library.vm[line 130, column 23]
2013-07-22 12:20:34,121 - Left side ($pivots.size()) of '>' operation has null value at VM_global_library.vm[line 130, column 23]
2013-07-22 12:20:34,121 - Left side ($pivots.size()) of '>' operation has null value at VM_global_library.vm[line 130, column 23]
2013-07-22 12:21:32,104 - Left side ($pivots.size()) of '>' operation has null value at VM_global_library.vm[line 130, column 23]
2013-07-22 12:21:32,104 - Left side ($pivots.size()) of '>' operation has null value at VM_global_library.vm[line 130, column 23]
2013-07-22 12:21:32,104 - Left side ($pivots.size()) of '>' operation has null value at VM_global_library.vm[line 130, column 23]
2013-07-22 12:21:32,104 - Left side ($pivots.size()) of '>' operation has null value at VM_global_library.vm[line 130, column 23]
2013-07-22 12:21:32,104 - Left side ($pivots.size()) of '>' operation has null value at VM_global_library.vm[line 130, column 23]
2013-07-22 12:21:32,104 - Left side ($pivots.size()) of '>' operation has null value at VM_global_library.vm[line 130, column 23]
2013-07-22 12:21:33,876 - Left side ($pivots.size()) of '>' operation has null value at VM_global_library.vm[line 130, column 23]
2013-07-22 12:21:33,876 - Left side ($pivots.size()) of '>' operation has null value at VM_global_library.vm[line 130, column 23]
2013-07-22 12:21:33,876 - Left side ($pivots.size()) of '>' operation has null value at VM_global_library.vm[line 130, column 23]
2013-07-22 12:21:33,876 - Left side ($pivots.size()) of '>' operation has null value at VM_global_library.vm[line 130, column 23]
2013-07-22 12:21:33,876 - Left side ($pivots.size()) of '>' operation has null value at VM_global_library.vm[line 130, column 23]
2013-07-22 12:21:33,876 - Left side ($pivots.size()) of '>' operation has null value at VM_global_library.vm[line 130, column 23]
2013-07-22 12:21:33,876 - Left side ($pivots.size()) of '>' operation has null value at VM_global_library.vm[line 130, column 23]
2013-07-22 12:21:35,402 - Left side ($pivots.size()) of '>' operation has null value at VM_global_library.vm[line 130, column 23]
2013-07-22 12:21:35,402 - Left side ($pivots.size()) of '>' operation has null value at VM_global_library.vm[line 130, column 23]
2013-07-22 12:21:35,402 - Left side ($pivots.size()) of '>' operation has null value at VM_global_library.vm[line 130, column 23]
2013-07-22 12:21:35,402 - Left side ($pivots.size()) of '>' operation has null value at VM_global_library.vm[line 130, column 23]
2013-07-22 12:21:35,402 - Left side ($pivots.size()) of '>' operation has null value at VM_global_library.vm[line 130, column 23]
2013-07-22 12:21:35,402 - Left side ($pivots.size()) of '>' operation has null value at VM_global_library.vm[line 130, column 23]
2013-07-22 12:21:35,402 - Left side ($pivots.size()) of '>' operation has null value at VM_global_library.vm[line 130, column 23]
2013-07-22 12:21:35,402 - Left side ($pivots.size()) of '>' operation has null value at VM_global_library.vm[line 130, column 23]
2013-07-22 12:21:43,940 - Left side ($pivots.size()) of '>' operation has null value at VM_global_library.vm[line 130, column 23]
2013-07-22 12:21:43,940 - Left side ($pivots.size()) of '>' operation has null value at VM_global_library.vm[line 130, column 23]
2013-07-22 12:21:43,940 - Left side ($pivots.size()) of '>' operation has null value at VM_global_library.vm[line 130, column 23]
2013-07-22 12:21:43,940 - Left side ($pivots.size()) of '>' operation has null value at VM_global_library.vm[line 130, column 23]
2013-07-22 12:21:43,940 - Left side ($pivots.size()) of '>' operation has null value at VM_global_library.vm[line 130, column 23]
2013-07-22 12:21:43,940 - Left side ($pivots.size()) of '>' operation has null value at VM_global_library.vm[line 130, column 23]
2013-07-22 12:21:43,940 - Left side ($pivots.size()) of '>' operation has null value at VM_global_library.vm[line 130, column 23]
2013-07-22 12:21:43,940 - Left side ($pivots.size()) of '>' operation has null value at VM_global_library.vm[line 130, column 23]
2013-07-22 12:21:43,940 - Left side ($pivots.size()) of '>' operation has null value at VM_global_library.vm[line 130, column 23]
2013-07-22 12:21:45,578 - Left side ($pivots.size()) of '>' operation has null value at VM_global_library.vm[line 130, column 23]
2013-07-22 12:21:45,578 - Left side ($pivots.size()) of '>' operation has null value at VM_global_library.vm[line 130, column 23]
2013-07-22 12:21:45,578 - Left side ($pivots.size()) of '>' operation has null value at VM_global_library.vm[line 130, column 23]
2013-07-22 12:21:45,578 - Left side ($pivots.size()) of '>' operation has null value at VM_global_library.vm[line 130, column 23]
2013-07-22 12:21:45,578 - Left side ($pivots.size()) of '>' operation has null value at VM_global_library.vm[line 130, column 23]
2013-07-22 12:21:45,578 - Left side ($pivots.size()) of '>' operation has null value at VM_global_library.vm[line 130, column 23]
2013-07-22 12:21:45,578 - Left side ($pivots.size()) of '>' operation has null value at VM_global_library.vm[line 130, column 23]
2013-07-22 12:21:45,578 - Left side ($pivots.size()) of '>' operation has null value at VM_global_library.vm[line 130, column 23]
2013-07-22 12:21:45,578 - Left side ($pivots.size()) of '>' operation has null value at VM_global_library.vm[line 130, column 23]
2013-07-22 12:21:45,578 - Left side ($pivots.size()) of '>' operation has null value at VM_global_library.vm[line 130, column 23]
2013-07-22 12:21:46,828 - Left side ($pivots.size()) of '>' operation has null value at VM_global_library.vm[line 130, column 23]
2013-07-22 12:21:46,828 - Left side ($pivots.size()) of '>' operation has null value at VM_global_library.vm[line 130, column 23]
2013-07-22 12:21:46,828 - Left side ($pivots.size()) of '>' operation has null value at VM_global_library.vm[line 130, column 23]
2013-07-22 12:21:46,828 - Left side ($pivots.size()) of '>' operation has null value at VM_global_library.vm[line 130, column 23]
2013-07-22 12:21:46,828 - Left side ($pivots.size()) of '>' operation has null value at VM_global_library.vm[line 130, column 23]
2013-07-22 12:21:46,828 - Left side ($pivots.size()) of '>' operation has null value at VM_global_library.vm[line 130, column 23]
2013-07-22 12:21:46,828 - Left side ($pivots.size()) of '>' operation has null value at VM_global_library.vm[line 130, column 23]
2013-07-22 12:21:46,828 - Left side ($pivots.size()) of '>' operation has null value at VM_global_library.vm[line 130, column 23]
2013-07-22 12:21:46,828 - Left side ($pivots.size()) of '>' operation has null value at VM_global_library.vm[line 130, column 23]
2013-07-22 12:21:46,828 - Left side ($pivots.size()) of '>' operation has null value at VM_global_library.vm[line 130, column 23]
2013-07-22 12:21:46,828 - Left side ($pivots.size()) of '>' operation has null value at VM_global_library.vm[line 130, column 23]
2013-07-22 12:21:58,256 - Left side ($pivots.size()) of '>' operation has null value at VM_global_library.vm[line 130, column 23]
2013-07-22 12:21:58,256 - Left side ($pivots.size()) of '>' operation has null value at VM_global_library.vm[line 130, column 23]
2013-07-22 12:21:58,256 - Left side ($pivots.size()) of '>' operation has null value at VM_global_library.vm[line 130, column 23]
2013-07-22 12:21:58,256 - Left side ($pivots.size()) of '>' operation has null value at VM_global_library.vm[line 130, column 23]
2013-07-22 12:21:58,256 - Left side ($pivots.size()) of '>' operation has null value at VM_global_library.vm[line 130, column 23]
2013-07-22 12:21:58,256 - Left side ($pivots.size()) of '>' operation has null value at VM_global_library.vm[line 130, column 23]
2013-07-22 12:21:58,256 - Left side ($pivots.size()) of '>' operation has null value at VM_global_library.vm[line 130, column 23]
2013-07-22 12:21:58,256 - Left side ($pivots.size()) of '>' operation has null value at VM_global_library.vm[line 130, column 23]
2013-07-22 12:21:58,256 - Left side ($pivots.size()) of '>' operation has null value at VM_global_library.vm[line 130, column 23]
2013-07-22 12:21:58,256 - Left side ($pivots.size()) of '>' operation has null value at VM_global_library.vm[line 130, column 23]
2013-07-22 12:21:58,256 - Left side ($pivots.size()) of '>' operation has null value at VM_global_library.vm[line 130, column 23]
2013-07-22 12:21:58,256 - Left side ($pivots.size()) of '>' operation has null value at VM_global_library.vm[line 130, column 23]
2013-07-22 12:22:12,307 - Left side ($pivots.size()) of '>' operation has null value at VM_global_library.vm[line 130, column 23]
2013-07-22 12:22:12,307 - Left side ($pivots.size()) of '>' operation has null value at VM_global_library.vm[line 130, column 23]
2013-07-22 12:22:12,307 - Left side ($pivots.size()) of '>' operation has null value at VM_global_library.vm[line 130, column 23]
2013-07-22 12:22:12,307 - Left side ($pivots.size()) of '>' operation has null value at VM_global_library.vm[line 130, column 23]
2013-07-22 12:22:12,307 - Left side ($pivots.size()) of '>' operation has null value at VM_global_library.vm[line 130, column 23]
2013-07-22 12:22:12,307 - Left side ($pivots.size()) of '>' operation has null value at VM_global_library.vm[line 130, column 23]
2013-07-22 12:22:12,307 - Left side ($pivots.size()) of '>' operation has null value at VM_global_library.vm[line 130, column 23]
2013-07-22 12:22:12,307 - Left side ($pivots.size()) of '>' operation has null value at VM_global_library.vm[line 130, column 23]
2013-07-22 12:22:12,307 - Left side ($pivots.size()) of '>' operation has null value at VM_global_library.vm[line 130, column 23]
2013-07-22 12:22:12,307 - Left side ($pivots.size()) of '>' operation has null value at VM_global_library.vm[line 130, column 23]
2013-07-22 12:22:12,307 - Left side ($pivots.size()) of '>' operation has null value at VM_global_library.vm[line 130, column 23]
2013-07-22 12:22:12,307 - Left side ($pivots.size()) of '>' operation has null value at VM_global_library.vm[line 130, column 23]
2013-07-22 12:22:12,307 - Left side ($pivots.size()) of '>' operation has null value at VM_global_library.vm[line 130, column 23]
2013-07-22 12:22:13,940 - Left side ($pivots.size()) of '>' operation has null value at VM_global_library.vm[line 130, column 23]
2013-07-22 12:22:13,940 - Left side ($pivots.size()) of '>' operation has null value at VM_global_library.vm[line 130, column 23]
2013-07-22 12:22:13,940 - Left side ($pivots.size()) of '>' operation has null value at VM_global_library.vm[line 130, column 23]
2013-07-22 12:22:13,940 - Left side ($pivots.size()) of '>' operation has null value at VM_global_library.vm[line 130, column 23]
2013-07-22 12:22:13,940 - Left side ($pivots.size()) of '>' operation has null value at VM_global_library.vm[line 130, column 23]
2013-07-22 12:22:13,940 - Left side ($pivots.size()) of '>' operation has null value at VM_global_library.vm[line 130, column 23]
2013-07-22 12:22:13,940 - Left side ($pivots.size()) of '>' operation has null value at VM_global_library.vm[line 130, column 23]
2013-07-22 12:22:13,940 - Left side ($pivots.size()) of '>' operation has null value at VM_global_library.vm[line 130, column 23]
2013-07-22 12:22:13,940 - Left side ($pivots.size()) of '>' operation has null value at VM_global_library.vm[line 130, column 23]
2013-07-22 12:22:13,940 - Left side ($pivots.size()) of '>' operation has null value at VM_global_library.vm[line 130, column 23]
2013-07-22 12:22:13,940 - Left side ($pivots.size()) of '>' operation has null value at VM_global_library.vm[line 130, column 23]
2013-07-22 12:22:13,940 - Left side ($pivots.size()) of '>' operation has null value at VM_global_library.vm[line 130, column 23]
2013-07-22 12:22:13,940 - Left side ($pivots.size()) of '>' operation has null value at VM_global_library.vm[line 130, column 23]
2013-07-22 12:22:13,940 - Left side ($pivots.size()) of '>' operation has null value at VM_global_library.vm[line 130, column 23]
2013-07-22 12:25:45,288 - Left side ($pivots.size()) of '>' operation has null value at VM_global_library.vm[line 130, column 23]
2013-07-22 12:25:52,232 - Left side ($pivots.size()) of '>' operation has null value at VM_global_library.vm[line 130, column 23]
2013-07-22 12:25:52,232 - Left side ($pivots.size()) of '>' operation has null value at VM_global_library.vm[line 130, column 23]
2013-07-22 12:31:52,470 - Left side ($pivots.size()) of '>' operation has null value at VM_global_library.vm[line 130, column 23]
2013-07-22 12:31:52,470 - Left side ($pivots.size()) of '>' operation has null value at VM_global_library.vm[line 130, column 23]
2013-07-22 12:31:52,470 - Left side ($pivots.size()) of '>' operation has null value at VM_global_library.vm[line 130, column 23]
2013-07-22 12:31:59,411 - Left side ($pivots.size()) of '>' operation has null value at VM_global_library.vm[line 130, column 23]
2013-07-22 12:31:59,411 - Left side ($pivots.size()) of '>' operation has null value at VM_global_library.vm[line 130, column 23]
2013-07-22 12:31:59,411 - Left side ($pivots.size()) of '>' operation has null value at VM_global_library.vm[line 130, column 23]
2013-07-22 12:31:59,411 - Left side ($pivots.size()) of '>' operation has null value at VM_global_library.vm[line 130, column 23]
2013-07-22 12:57:08,366 - Left side ($pivots.size()) of '>' operation has null value at VM_global_library.vm[line 130, column 23]
2013-07-22 12:57:08,366 - Left side ($pivots.size()) of '>' operation has null value at VM_global_library.vm[line 130, column 23]
2013-07-22 12:57:08,366 - Left side ($pivots.size()) of '>' operation has null value at VM_global_library.vm[line 130, column 23]
2013-07-22 12:57:08,366 - Left side ($pivots.size()) of '>' operation has null value at VM_global_library.vm[line 130, column 23]
2013-07-22 12:57:08,366 - Left side ($pivots.size()) of '>' operation has null value at VM_global_library.vm[line 130, column 23]
